{"target": -7.135455292718879, "params": {"x": 2.8340440094051482, "y": 1.3219469606529488}, "datetime": {"datetime": "2021-12-27 23:27:33", "elapsed": 0.0, "delta": 0.0}}
{"target": -7.779531005607566, "params": {"x": 2.0002287496346898, "y": -1.1860045642089614}, "datetime": {"datetime": "2021-12-27 23:27:33", "elapsed": 0.0, "delta": 0.0}}
{"target": -7.109925819441113, "params": {"x": 2.2175526295255183, "y": -0.7867249801593896}, "datetime": {"datetime": "2021-12-27 23:27:33", "elapsed": 0.019979, "delta": 0.019979}}
{"target": -11.086344930484607, "params": {"x": 3.2875859816796797, "y": -0.13054117286716427}, "datetime": {"datetime": "2021-12-27 23:27:33", "elapsed": 0.077791, "delta": 0.057812}}
{"target": -4.335211455389778, "params": {"x": 2.298613426347459, "y": 0.7728705840165757}, "datetime": {"datetime": "2021-12-27 23:27:33", "elapsed": 0.095764, "delta": 0.017973}}
